\BOOKMARK [0][-]{chapter.1}{Introduction}{}% 1
\BOOKMARK [0][-]{chapter.2}{Linear Regression with One Variable}{}% 2
\BOOKMARK [1][-]{section.2.1}{Cost Function}{chapter.2}% 3
\BOOKMARK [1][-]{section.2.2}{Gradient Descent}{chapter.2}% 4
\BOOKMARK [0][-]{chapter.3}{Linear Regression with Multiple Variables}{}% 5
\BOOKMARK [1][-]{section.3.1}{Gradient Descent for Multiple Variables}{chapter.3}% 6
\BOOKMARK [1][-]{section.3.2}{Gradient Descent in Practice - Feature Scaling}{chapter.3}% 7
\BOOKMARK [1][-]{section.3.3}{Features and Polynomial Regression}{chapter.3}% 8
\BOOKMARK [2][-]{subsection.3.3.1}{Polynomial Regression}{section.3.3}% 9
\BOOKMARK [1][-]{section.3.4}{Normal Equation}{chapter.3}% 10
\BOOKMARK [2][-]{subsection.3.4.1}{Normal Equation Noninvertibility}{section.3.4}% 11
\BOOKMARK [0][-]{chapter.4}{Logistic Regression}{}% 12
\BOOKMARK [1][-]{section.4.1}{Classification}{chapter.4}% 13
\BOOKMARK [2][-]{subsection.4.1.1}{Hypothesis Representation}{section.4.1}% 14
\BOOKMARK [2][-]{subsection.4.1.2}{Decision Boundary}{section.4.1}% 15
\BOOKMARK [2][-]{subsection.4.1.3}{Cost Function}{section.4.1}% 16
\BOOKMARK [2][-]{subsection.4.1.4}{Gradient Descent}{section.4.1}% 17
\BOOKMARK [1][-]{section.4.2}{Multiclass Classification: One-vs-all}{chapter.4}% 18
\BOOKMARK [0][-]{chapter.5}{Regularization}{}% 19
\BOOKMARK [1][-]{section.5.1}{The Problem of Overfitting}{chapter.5}% 20
\BOOKMARK [1][-]{section.5.2}{Cost Function}{chapter.5}% 21
\BOOKMARK [2][-]{subsection.5.2.1}{Linear Regression}{section.5.2}% 22
\BOOKMARK [2][-]{subsection.5.2.2}{Logistic Regression}{section.5.2}% 23
\BOOKMARK [1][-]{section.5.3}{Gradient Descent}{chapter.5}% 24
\BOOKMARK [1][-]{section.5.4}{Normal Equation}{chapter.5}% 25
\BOOKMARK [0][-]{chapter.6}{Neural Networks}{}% 26
\BOOKMARK [1][-]{section.6.1}{Model Representation}{chapter.6}% 27
\BOOKMARK [2][-]{subsection.6.1.1}{Vectorized implementation}{section.6.1}% 28
\BOOKMARK [1][-]{section.6.2}{Cost Function}{chapter.6}% 29
\BOOKMARK [1][-]{section.6.3}{Backpropagation Algorithm}{chapter.6}% 30
\BOOKMARK [0][-]{chapter.7}{Advice for Applying Machine Learning}{}% 31
\BOOKMARK [1][-]{section.7.1}{Evaluating a Hypothesis}{chapter.7}% 32
\BOOKMARK [2][-]{subsection.7.1.1}{The test set error}{section.7.1}% 33
\BOOKMARK [1][-]{section.7.2}{Model Selection and Train/Validation/Test Sets}{chapter.7}% 34
\BOOKMARK [1][-]{section.7.3}{Diagnosing Bias vs. Variance}{chapter.7}% 35
\BOOKMARK [1][-]{section.7.4}{Regularization and Bias/Variance}{chapter.7}% 36
\BOOKMARK [1][-]{section.7.5}{Learning Curves}{chapter.7}% 37
\BOOKMARK [1][-]{section.7.6}{Deciding What to Do Next}{chapter.7}% 38
\BOOKMARK [2][-]{subsection.7.6.1}{Diagnosing Neural Networks}{section.7.6}% 39
\BOOKMARK [2][-]{subsection.7.6.2}{Model Complexity Effects}{section.7.6}% 40
\BOOKMARK [1][-]{section.7.7}{Prioritizing What to Work On}{chapter.7}% 41
\BOOKMARK [2][-]{subsection.7.7.1}{System Design Example}{section.7.7}% 42
\BOOKMARK [1][-]{section.7.8}{Error Analysis}{chapter.7}% 43
\BOOKMARK [0][-]{chapter.8}{Support Vector Machine \(SVM\)}{}% 44
\BOOKMARK [1][-]{section.8.1}{Large Margin Intuition}{chapter.8}% 45
